{"level":"info","message":"Gateway Listening on port 3000"}
{"contentLength":"149","level":"info","message":"HTTP Access Log","method":"GET","responseTime":300.998,"status":404,"timestamp":"Sat May 11 2024 10:48:07 GMT+0100 (West Africa Standard Time)","url":"/question/solution/1"}
{"contentLength":"139","level":"info","message":"HTTP Access Log","method":"GET","responseTime":14.426,"status":404,"timestamp":"Sat May 11 2024 10:48:13 GMT+0100 (West Africa Standard Time)","url":"/question"}
{"contentLength":"14","level":"info","message":"HTTP Access Log","method":"GET","responseTime":211.775,"status":200,"timestamp":"Sat May 11 2024 10:48:20 GMT+0100 (West Africa Standard Time)","url":"/question/3"}
{"contentLength":"262","level":"info","message":"HTTP Access Log","method":"GET","responseTime":60.255,"status":200,"timestamp":"Sat May 11 2024 10:49:29 GMT+0100 (West Africa Standard Time)","url":"/student"}
{"contentLength":"140","level":"info","message":"HTTP Access Log","method":"POST","responseTime":1159.958,"status":404,"timestamp":"Sat May 11 2024 10:50:31 GMT+0100 (West Africa Standard Time)","url":"/student"}
{"contentLength":"38","level":"info","message":"HTTP Access Log","method":"POST","responseTime":441.766,"status":200,"timestamp":"Sat May 11 2024 10:51:20 GMT+0100 (West Africa Standard Time)","url":"/student/signup"}
{"contentLength":"49","level":"info","message":"HTTP Access Log","method":"POST","responseTime":8.168,"status":400,"timestamp":"Sat May 11 2024 10:51:42 GMT+0100 (West Africa Standard Time)","url":"/student/signup"}
{"contentLength":"150","level":"info","message":"HTTP Access Log","method":"GET","responseTime":3.26,"status":404,"timestamp":"Sat May 11 2024 10:55:01 GMT+0100 (West Africa Standard Time)","url":"/solution/jj"}
{"contentLength":"-","level":"info","message":"HTTP Access Log","method":"GET","responseTime":null,"status":null,"timestamp":"Sat May 11 2024 10:55:26 GMT+0100 (West Africa Standard Time)","url":"/solutions/jj"}
{"contentLength":"235","level":"info","message":"HTTP Access Log","method":"POST","responseTime":3.743,"status":500,"timestamp":"Sat May 11 2024 10:57:58 GMT+0100 (West Africa Standard Time)","url":"/solutions/1"}
{"level":"info","message":"Gateway Listening on port 3000"}
{"contentLength":"49","level":"info","message":"HTTP Access Log","method":"POST","responseTime":311.12,"status":400,"timestamp":"Sat May 11 2024 11:27:00 GMT+0100 (West Africa Standard Time)","url":"/student/signup"}
{"contentLength":"38","level":"info","message":"HTTP Access Log","method":"POST","responseTime":411.305,"status":200,"timestamp":"Sat May 11 2024 11:27:15 GMT+0100 (West Africa Standard Time)","url":"/student/signup"}
{"level":"info","message":"Gateway Listening on port 3000"}
{"contentLength":"38","level":"info","message":"HTTP Access Log","method":"POST","responseTime":458.493,"status":200,"timestamp":"Sat May 11 2024 11:31:40 GMT+0100 (West Africa Standard Time)","url":"/student/signup"}
{"level":"info","message":"Gateway Listening on port 3000"}
{"contentLength":"27","level":"info","message":"HTTP Access Log","method":"POST","responseTime":1460.813,"status":200,"timestamp":"Sat May 11 2024 22:06:23 GMT+0100 (West Africa Standard Time)","url":"/student/verify/iJaJqUf7lYkcVug55FFMxPSMFbEWk2iUhhrOJ0d1"}
{"contentLength":"151","level":"info","message":"HTTP Access Log","method":"POST","responseTime":431.844,"status":404,"timestamp":"Sat May 11 2024 22:14:50 GMT+0100 (West Africa Standard Time)","url":"/student/solutions/2"}
{"contentLength":"150","level":"info","message":"HTTP Access Log","method":"GET","responseTime":9.462,"status":404,"timestamp":"Sat May 11 2024 22:14:54 GMT+0100 (West Africa Standard Time)","url":"/student/solutions/2"}
{"contentLength":"140","level":"info","message":"HTTP Access Log","method":"GET","responseTime":434.462,"status":404,"timestamp":"Sat May 11 2024 22:14:58 GMT+0100 (West Africa Standard Time)","url":"/solutions/2"}
{"contentLength":"149","level":"info","message":"HTTP Access Log","method":"GET","responseTime":3.243,"status":404,"timestamp":"Sat May 11 2024 22:15:02 GMT+0100 (West Africa Standard Time)","url":"/solution/2"}
{"contentLength":"149","level":"info","message":"HTTP Access Log","method":"GET","responseTime":1.564,"status":404,"timestamp":"Sat May 11 2024 22:15:24 GMT+0100 (West Africa Standard Time)","url":"/solution/2"}
{"level":"info","message":"Gateway Listening on port 3000"}
{"contentLength":"14","level":"info","message":"HTTP Access Log","method":"GET","responseTime":66.275,"status":200,"timestamp":"Sat May 11 2024 22:17:46 GMT+0100 (West Africa Standard Time)","url":"/question/4"}
{"contentLength":"-","level":"info","message":"HTTP Access Log","method":"GET","responseTime":null,"status":null,"timestamp":"Sat May 11 2024 22:18:02 GMT+0100 (West Africa Standard Time)","url":"/solutions/2"}
{"contentLength":"235","level":"info","message":"HTTP Access Log","method":"POST","responseTime":3.819,"status":500,"timestamp":"Sat May 11 2024 22:18:04 GMT+0100 (West Africa Standard Time)","url":"/solutions/2"}
{"level":"info","message":"Gateway Listening on port 3000"}
{"contentLength":"235","level":"info","message":"HTTP Access Log","method":"POST","responseTime":68.637,"status":500,"timestamp":"Sat May 11 2024 22:18:54 GMT+0100 (West Africa Standard Time)","url":"/solutions/2"}
{"contentLength":"235","level":"info","message":"HTTP Access Log","method":"POST","responseTime":3.273,"status":500,"timestamp":"Sat May 11 2024 22:18:57 GMT+0100 (West Africa Standard Time)","url":"/solutions/2"}
{"level":"info","message":"Gateway Listening on port 3000"}
{"contentLength":"675","level":"info","message":"HTTP Access Log","method":"GET","responseTime":202.393,"status":200,"timestamp":"Sun May 12 2024 09:27:57 GMT+0100 (West Africa Standard Time)","url":"/student"}
{"contentLength":"675","level":"info","message":"HTTP Access Log","method":"GET","responseTime":3.584,"status":200,"timestamp":"Sun May 12 2024 09:28:09 GMT+0100 (West Africa Standard Time)","url":"/student"}
{"level":"info","message":"Gateway Listening on port 3000"}
{"contentLength":"145","level":"info","message":"HTTP Access Log","method":"GET","responseTime":281.097,"status":404,"timestamp":"Sun May 12 2024 09:37:09 GMT+0100 (West Africa Standard Time)","url":"/student/signup"}
{"level":"info","message":"Gateway Listening on port 3000"}
{"contentLength":"49","level":"info","message":"HTTP Access Log","method":"POST","responseTime":96.271,"status":400,"timestamp":"Sun May 12 2024 09:38:30 GMT+0100 (West Africa Standard Time)","url":"/student/signup"}
{"contentLength":"-","level":"info","message":"HTTP Access Log","method":"POST","responseTime":null,"status":null,"timestamp":"Sun May 12 2024 09:40:21 GMT+0100 (West Africa Standard Time)","url":"/student/signup"}
{"contentLength":"-","level":"info","message":"HTTP Access Log","method":"POST","responseTime":null,"status":null,"timestamp":"Sun May 12 2024 09:40:55 GMT+0100 (West Africa Standard Time)","url":"/tutor/signup"}
{"contentLength":"49","level":"info","message":"HTTP Access Log","method":"POST","responseTime":8,"status":400,"timestamp":"Sun May 12 2024 09:41:59 GMT+0100 (West Africa Standard Time)","url":"/tutor/signup"}
{"contentLength":"-","level":"info","message":"HTTP Access Log","method":"POST","responseTime":null,"status":null,"timestamp":"Sun May 12 2024 09:42:10 GMT+0100 (West Africa Standard Time)","url":"/tutor/signup"}
{"level":"info","message":"Gateway Listening on port 3000"}
{"contentLength":"13","level":"info","message":"HTTP Access Log","method":"GET","responseTime":662.64,"status":200,"timestamp":"Sun May 12 2024 16:36:41 GMT+0100 (West Africa Standard Time)","url":"/solutions/3"}
{"contentLength":"235","level":"info","message":"HTTP Access Log","method":"POST","responseTime":8.345,"status":500,"timestamp":"Sun May 12 2024 16:37:03 GMT+0100 (West Africa Standard Time)","url":"/solutions/3"}
{"level":"info","message":"Gateway Listening on port 3000"}
{"contentLength":"235","level":"info","message":"HTTP Access Log","method":"POST","responseTime":82.812,"status":500,"timestamp":"Sun May 12 2024 16:37:49 GMT+0100 (West Africa Standard Time)","url":"/solutions/3"}
{"contentLength":"235","level":"info","message":"HTTP Access Log","method":"POST","responseTime":12.025,"status":500,"timestamp":"Sun May 12 2024 16:37:53 GMT+0100 (West Africa Standard Time)","url":"/solutions/3"}
{"contentLength":"45","level":"info","message":"HTTP Access Log","method":"GET","responseTime":10.932,"status":200,"timestamp":"Sun May 12 2024 16:40:46 GMT+0100 (West Africa Standard Time)","url":"/solutions/1"}
{"level":"info","message":"Gateway Listening on port 3000"}
{"contentLength":"235","level":"info","message":"HTTP Access Log","method":"POST","responseTime":221.508,"status":500,"timestamp":"Sun May 12 2024 16:41:12 GMT+0100 (West Africa Standard Time)","url":"/solutions/1"}
{"date":"Sun May 12 2024 16:41:12 GMT+0100 (West Africa Standard Time)","error":{},"exception":true,"level":"error","message":"uncaughtException: solution is not defined\nReferenceError: solution is not defined\n    at module.exports.postSolution (C:\\Users\\hp\\Desktop\\HomeWork Platform\\solution\\src\\controller\\postSolution.js:28:17)\n    at process.processTicksAndRejections (node:internal/process/task_queues:95:5)","os":{"loadavg":[0,0,0],"uptime":277198},"process":{"argv":["C:\\Program Files (x86)\\nodejs\\node.exe","C:\\Users\\hp\\Desktop\\HomeWork Platform\\gateway\\index.js"],"cwd":"C:\\Users\\hp\\Desktop\\HomeWork Platform\\gateway","execPath":"C:\\Program Files (x86)\\nodejs\\node.exe","gid":null,"memoryUsage":{"arrayBuffers":552024,"external":1402030,"heapTotal":40263680,"heapUsed":24540388,"rss":69771264},"pid":1228,"uid":null,"version":"v18.7.0"},"stack":"ReferenceError: solution is not defined\n    at module.exports.postSolution (C:\\Users\\hp\\Desktop\\HomeWork Platform\\solution\\src\\controller\\postSolution.js:28:17)\n    at process.processTicksAndRejections (node:internal/process/task_queues:95:5)","trace":[{"column":17,"file":"C:\\Users\\hp\\Desktop\\HomeWork Platform\\solution\\src\\controller\\postSolution.js","function":"module.exports.postSolution","line":28,"method":"postSolution","native":false},{"column":5,"file":"node:internal/process/task_queues","function":"process.processTicksAndRejections","line":95,"method":"processTicksAndRejections","native":false}]}
{"level":"info","message":"Gateway Listening on port 3000"}
{"contentLength":"235","level":"info","message":"HTTP Access Log","method":"POST","responseTime":101.958,"status":500,"timestamp":"Sun May 12 2024 16:43:14 GMT+0100 (West Africa Standard Time)","url":"/solutions/1"}
{"date":"Sun May 12 2024 16:43:14 GMT+0100 (West Africa Standard Time)","error":{},"exception":true,"level":"error","message":"uncaughtException: solution is not defined\nReferenceError: solution is not defined\n    at module.exports.postSolution (C:\\Users\\hp\\Desktop\\HomeWork Platform\\solution\\src\\controller\\postSolution.js:28:17)\n    at process.processTicksAndRejections (node:internal/process/task_queues:95:5)","os":{"loadavg":[0,0,0],"uptime":277320},"process":{"argv":["C:\\Program Files (x86)\\nodejs\\node.exe","C:\\Users\\hp\\Desktop\\HomeWork Platform\\gateway\\index.js"],"cwd":"C:\\Users\\hp\\Desktop\\HomeWork Platform\\gateway","execPath":"C:\\Program Files (x86)\\nodejs\\node.exe","gid":null,"memoryUsage":{"arrayBuffers":552024,"external":1402030,"heapTotal":40263680,"heapUsed":24626992,"rss":69668864},"pid":12068,"uid":null,"version":"v18.7.0"},"stack":"ReferenceError: solution is not defined\n    at module.exports.postSolution (C:\\Users\\hp\\Desktop\\HomeWork Platform\\solution\\src\\controller\\postSolution.js:28:17)\n    at process.processTicksAndRejections (node:internal/process/task_queues:95:5)","trace":[{"column":17,"file":"C:\\Users\\hp\\Desktop\\HomeWork Platform\\solution\\src\\controller\\postSolution.js","function":"module.exports.postSolution","line":28,"method":"postSolution","native":false},{"column":5,"file":"node:internal/process/task_queues","function":"process.processTicksAndRejections","line":95,"method":"processTicksAndRejections","native":false}]}
{"level":"info","message":"Gateway Listening on port 3000"}
{"contentLength":"57","level":"info","message":"HTTP Access Log","method":"POST","responseTime":283.928,"status":201,"timestamp":"Sun May 12 2024 16:44:00 GMT+0100 (West Africa Standard Time)","url":"/solutions/1"}
{"contentLength":"57","level":"info","message":"HTTP Access Log","method":"POST","responseTime":13.346,"status":201,"timestamp":"Sun May 12 2024 16:44:08 GMT+0100 (West Africa Standard Time)","url":"/solutions/2"}
{"level":"info","message":"Gateway Listening on port 3000"}
{"contentLength":"235","level":"info","message":"HTTP Access Log","method":"POST","responseTime":97.721,"status":500,"timestamp":"Sun May 12 2024 16:46:11 GMT+0100 (West Africa Standard Time)","url":"/solutions/2"}
{"date":"Sun May 12 2024 16:46:11 GMT+0100 (West Africa Standard Time)","error":{},"exception":true,"level":"error","message":"uncaughtException: solution is not defined\nReferenceError: solution is not defined\n    at module.exports.postSolution (C:\\Users\\hp\\Desktop\\HomeWork Platform\\solution\\src\\controller\\postSolution.js:34:17)\n    at process.processTicksAndRejections (node:internal/process/task_queues:95:5)","os":{"loadavg":[0,0,0],"uptime":277497},"process":{"argv":["C:\\Program Files (x86)\\nodejs\\node.exe","C:\\Users\\hp\\Desktop\\HomeWork Platform\\gateway\\index.js"],"cwd":"C:\\Users\\hp\\Desktop\\HomeWork Platform\\gateway","execPath":"C:\\Program Files (x86)\\nodejs\\node.exe","gid":null,"memoryUsage":{"arrayBuffers":552024,"external":1402030,"heapTotal":40263680,"heapUsed":24477076,"rss":70029312},"pid":7408,"uid":null,"version":"v18.7.0"},"stack":"ReferenceError: solution is not defined\n    at module.exports.postSolution (C:\\Users\\hp\\Desktop\\HomeWork Platform\\solution\\src\\controller\\postSolution.js:34:17)\n    at process.processTicksAndRejections (node:internal/process/task_queues:95:5)","trace":[{"column":17,"file":"C:\\Users\\hp\\Desktop\\HomeWork Platform\\solution\\src\\controller\\postSolution.js","function":"module.exports.postSolution","line":34,"method":"postSolution","native":false},{"column":5,"file":"node:internal/process/task_queues","function":"process.processTicksAndRejections","line":95,"method":"processTicksAndRejections","native":false}]}
{"level":"info","message":"Gateway Listening on port 3000"}
{"contentLength":"57","level":"info","message":"HTTP Access Log","method":"POST","responseTime":126.108,"status":201,"timestamp":"Sun May 12 2024 16:46:38 GMT+0100 (West Africa Standard Time)","url":"/solutions/2"}
{"level":"info","message":"Gateway Listening on port 3000"}
{"contentLength":"491","level":"info","message":"HTTP Access Log","method":"POST","responseTime":96.039,"status":500,"timestamp":"Sun May 12 2024 16:48:03 GMT+0100 (West Africa Standard Time)","url":"/solutions/2"}
{"date":"Sun May 12 2024 16:48:03 GMT+0100 (West Africa Standard Time)","error":{},"exception":true,"level":"error","message":"uncaughtException: solution is not defined\nReferenceError: solution is not defined\n    at module.exports.postSolution (C:\\Users\\hp\\Desktop\\HomeWork Platform\\solution\\src\\controller\\postSolution.js:34:17)\n    at process.processTicksAndRejections (node:internal/process/task_queues:95:5)","os":{"loadavg":[0,0,0],"uptime":277609},"process":{"argv":["C:\\Program Files (x86)\\nodejs\\node.exe","C:\\Users\\hp\\Desktop\\HomeWork Platform\\gateway\\index.js"],"cwd":"C:\\Users\\hp\\Desktop\\HomeWork Platform\\gateway","execPath":"C:\\Program Files (x86)\\nodejs\\node.exe","gid":null,"memoryUsage":{"arrayBuffers":552074,"external":1402080,"heapTotal":40263680,"heapUsed":24565560,"rss":69447680},"pid":20580,"uid":null,"version":"v18.7.0"},"stack":"ReferenceError: solution is not defined\n    at module.exports.postSolution (C:\\Users\\hp\\Desktop\\HomeWork Platform\\solution\\src\\controller\\postSolution.js:34:17)\n    at process.processTicksAndRejections (node:internal/process/task_queues:95:5)","trace":[{"column":17,"file":"C:\\Users\\hp\\Desktop\\HomeWork Platform\\solution\\src\\controller\\postSolution.js","function":"module.exports.postSolution","line":34,"method":"postSolution","native":false},{"column":5,"file":"node:internal/process/task_queues","function":"process.processTicksAndRejections","line":95,"method":"processTicksAndRejections","native":false}]}
{"level":"info","message":"Gateway Listening on port 3000"}
{"contentLength":"235","level":"info","message":"HTTP Access Log","method":"POST","responseTime":116.724,"status":500,"timestamp":"Sun May 12 2024 16:48:27 GMT+0100 (West Africa Standard Time)","url":"/solutions/2"}
{"date":"Sun May 12 2024 16:48:27 GMT+0100 (West Africa Standard Time)","error":{},"exception":true,"level":"error","message":"uncaughtException: solution is not defined\nReferenceError: solution is not defined\n    at module.exports.postSolution (C:\\Users\\hp\\Desktop\\HomeWork Platform\\solution\\src\\controller\\postSolution.js:34:17)\n    at process.processTicksAndRejections (node:internal/process/task_queues:95:5)","os":{"loadavg":[0,0,0],"uptime":277633},"process":{"argv":["C:\\Program Files (x86)\\nodejs\\node.exe","C:\\Users\\hp\\Desktop\\HomeWork Platform\\gateway\\index.js"],"cwd":"C:\\Users\\hp\\Desktop\\HomeWork Platform\\gateway","execPath":"C:\\Program Files (x86)\\nodejs\\node.exe","gid":null,"memoryUsage":{"arrayBuffers":552024,"external":1402030,"heapTotal":40001536,"heapUsed":24497040,"rss":69763072},"pid":19916,"uid":null,"version":"v18.7.0"},"stack":"ReferenceError: solution is not defined\n    at module.exports.postSolution (C:\\Users\\hp\\Desktop\\HomeWork Platform\\solution\\src\\controller\\postSolution.js:34:17)\n    at process.processTicksAndRejections (node:internal/process/task_queues:95:5)","trace":[{"column":17,"file":"C:\\Users\\hp\\Desktop\\HomeWork Platform\\solution\\src\\controller\\postSolution.js","function":"module.exports.postSolution","line":34,"method":"postSolution","native":false},{"column":5,"file":"node:internal/process/task_queues","function":"process.processTicksAndRejections","line":95,"method":"processTicksAndRejections","native":false}]}
{"level":"info","message":"Gateway Listening on port 3000"}
{"contentLength":"234","level":"info","message":"HTTP Access Log","method":"POST","responseTime":108.87,"status":500,"timestamp":"Sun May 12 2024 16:48:56 GMT+0100 (West Africa Standard Time)","url":"/solutions/2"}
{"date":"Sun May 12 2024 16:48:56 GMT+0100 (West Africa Standard Time)","error":{},"exception":true,"level":"error","message":"uncaughtException: solution is not defined\nReferenceError: solution is not defined\n    at module.exports.postSolution (C:\\Users\\hp\\Desktop\\HomeWork Platform\\solution\\src\\controller\\postSolution.js:34:17)\n    at process.processTicksAndRejections (node:internal/process/task_queues:95:5)","os":{"loadavg":[0,0,0],"uptime":277663},"process":{"argv":["C:\\Program Files (x86)\\nodejs\\node.exe","C:\\Users\\hp\\Desktop\\HomeWork Platform\\gateway\\index.js"],"cwd":"C:\\Users\\hp\\Desktop\\HomeWork Platform\\gateway","execPath":"C:\\Program Files (x86)\\nodejs\\node.exe","gid":null,"memoryUsage":{"arrayBuffers":552024,"external":1402030,"heapTotal":40787968,"heapUsed":24662100,"rss":69754880},"pid":13112,"uid":null,"version":"v18.7.0"},"stack":"ReferenceError: solution is not defined\n    at module.exports.postSolution (C:\\Users\\hp\\Desktop\\HomeWork Platform\\solution\\src\\controller\\postSolution.js:34:17)\n    at process.processTicksAndRejections (node:internal/process/task_queues:95:5)","trace":[{"column":17,"file":"C:\\Users\\hp\\Desktop\\HomeWork Platform\\solution\\src\\controller\\postSolution.js","function":"module.exports.postSolution","line":34,"method":"postSolution","native":false},{"column":5,"file":"node:internal/process/task_queues","function":"process.processTicksAndRejections","line":95,"method":"processTicksAndRejections","native":false}]}
{"level":"info","message":"Gateway Listening on port 3000"}
{"contentLength":"234","level":"info","message":"HTTP Access Log","method":"POST","responseTime":112.356,"status":500,"timestamp":"Sun May 12 2024 16:49:38 GMT+0100 (West Africa Standard Time)","url":"/solutions/2"}
{"level":"info","message":"Gateway Listening on port 3000"}
{"contentLength":"57","level":"info","message":"HTTP Access Log","method":"POST","responseTime":100.288,"status":201,"timestamp":"Sun May 12 2024 16:50:14 GMT+0100 (West Africa Standard Time)","url":"/solutions/2"}
{"level":"info","message":"Gateway Listening on port 3000"}
{"contentLength":"57","level":"info","message":"HTTP Access Log","method":"POST","responseTime":109.863,"status":201,"timestamp":"Sun May 12 2024 16:52:00 GMT+0100 (West Africa Standard Time)","url":"/solutions/2"}
{"level":"info","message":"Gateway Listening on port 3000"}
{"level":"info","message":"Gateway Listening on port 3000"}
{"contentLength":"57","level":"info","message":"HTTP Access Log","method":"POST","responseTime":101.437,"status":201,"timestamp":"Sun May 12 2024 16:52:51 GMT+0100 (West Africa Standard Time)","url":"/solutions/2"}
{"contentLength":"57","level":"info","message":"HTTP Access Log","method":"POST","responseTime":65.365,"status":201,"timestamp":"Sun May 12 2024 16:53:08 GMT+0100 (West Africa Standard Time)","url":"/solutions/1"}
{"contentLength":"57","level":"info","message":"HTTP Access Log","method":"POST","responseTime":72.301,"status":201,"timestamp":"Sun May 12 2024 16:53:34 GMT+0100 (West Africa Standard Time)","url":"/solutions/1"}
{"level":"info","message":"Gateway Listening on port 3000"}
{"contentLength":"57","level":"info","message":"HTTP Access Log","method":"POST","responseTime":193.308,"status":201,"timestamp":"Sun May 12 2024 16:54:12 GMT+0100 (West Africa Standard Time)","url":"/solutions/1"}
{"contentLength":"57","level":"info","message":"HTTP Access Log","method":"POST","responseTime":12.119,"status":201,"timestamp":"Sun May 12 2024 16:55:07 GMT+0100 (West Africa Standard Time)","url":"/solutions/2"}
{"contentLength":"57","level":"info","message":"HTTP Access Log","method":"POST","responseTime":3.524,"status":201,"timestamp":"Sun May 12 2024 16:55:21 GMT+0100 (West Africa Standard Time)","url":"/solutions/2"}
{"level":"info","message":"Gateway Listening on port 3000"}
{"contentLength":"90","level":"info","message":"HTTP Access Log","method":"POST","responseTime":324.914,"status":500,"timestamp":"Sun May 12 2024 16:56:13 GMT+0100 (West Africa Standard Time)","url":"/question"}
{"contentLength":"34","level":"info","message":"HTTP Access Log","method":"POST","responseTime":132.753,"status":201,"timestamp":"Sun May 12 2024 16:56:40 GMT+0100 (West Africa Standard Time)","url":"/question"}
{"contentLength":"57","level":"info","message":"HTTP Access Log","method":"POST","responseTime":141.742,"status":201,"timestamp":"Sun May 12 2024 16:57:27 GMT+0100 (West Africa Standard Time)","url":"/solutions/2"}
{"contentLength":"57","level":"info","message":"HTTP Access Log","method":"POST","responseTime":3.309,"status":201,"timestamp":"Sun May 12 2024 16:57:51 GMT+0100 (West Africa Standard Time)","url":"/solutions/4"}
{"contentLength":"13","level":"info","message":"HTTP Access Log","method":"GET","responseTime":10.885,"status":200,"timestamp":"Sun May 12 2024 17:01:49 GMT+0100 (West Africa Standard Time)","url":"/solutions/4"}
{"level":"info","message":"Gateway Listening on port 3000"}
{"contentLength":"13","level":"info","message":"HTTP Access Log","method":"GET","responseTime":130.213,"status":200,"timestamp":"Sun May 12 2024 17:02:37 GMT+0100 (West Africa Standard Time)","url":"/solutions/4"}
{"contentLength":"13","level":"info","message":"HTTP Access Log","method":"GET","responseTime":13.47,"status":200,"timestamp":"Sun May 12 2024 17:02:40 GMT+0100 (West Africa Standard Time)","url":"/solutions/4"}
{"level":"info","message":"Gateway Listening on port 3000"}
{"contentLength":"13","level":"info","message":"HTTP Access Log","method":"GET","responseTime":113.236,"status":200,"timestamp":"Sun May 12 2024 17:02:57 GMT+0100 (West Africa Standard Time)","url":"/solutions/4"}
{"contentLength":"13","level":"info","message":"HTTP Access Log","method":"GET","responseTime":12.751,"status":200,"timestamp":"Sun May 12 2024 17:02:59 GMT+0100 (West Africa Standard Time)","url":"/solutions/4"}
{"contentLength":"43","level":"info","message":"HTTP Access Log","method":"GET","responseTime":7.467,"status":200,"timestamp":"Sun May 12 2024 17:03:05 GMT+0100 (West Africa Standard Time)","url":"/solutions/2"}
